<?xml version="1.0" encoding="UTF-8"?>
<testsuite name="com.target.productMongodb.service.ProductServiceTest" tests="1" skipped="0" failures="0" errors="0" timestamp="2020-03-11T04:32:06" hostname="DESKTOP-SD1THAN" time="0.088">
  <properties/>
  <testcase name="testing update productcurrency method throws exception when updating" classname="com.target.productMongodb.service.ProductServiceTest" time="0.088"/>
  <system-out><![CDATA[]]></system-out>
  <system-err><![CDATA[]]></system-err>
</testsuite>
